============================================================
   Tang Dynasty, V4.4.433
   Copyright:   Shanghai Anlogic Infotech Co., Ltd.
                2011 - 2021
   Executable = C:/Anlogic/TD4.4.433/bin/td.exe
   Built at =   17:57:18 Feb 26 2019
   Run by =     Administrator
   Run Date =   Thu May 16 15:03:09 2019

   Run on =     HADES-PC
============================================================
RUN-1002 : start command "open_project LCD_8080ToRGB.al"
HDL-1007 : analyze verilog file source/CLK_MOD.v
HDL-1007 : analyze verilog file source/LCD8080Ctrl.v
HDL-1007 : analyze verilog file source/LCDCTRL.v
HDL-1007 : analyze verilog file source/TOP.v
HDL-1007 : analyze verilog file source/VGAMod.v
HDL-1007 : analyze verilog file al_ip/DisFIFO.v
HDL-1007 : analyze verilog file al_ip/LCDPLL.v
HDL-1007 : analyze verilog file al_ip/ROM.v
RUN-1002 : start command "import_device ef2_1.db -package EF2L15LG100B"
ARC-1001 : Device Initialization.
ARC-1001 : -----------------------------------------------------
ARC-1001 :       OPTION       |        IO         |   SETTING   
ARC-1001 : -----------------------------------------------------
ARC-1001 :        done        |        P76        |    gpio    
ARC-1001 :        initn       |        P77        |    gpio    
ARC-1001 :      programn      |        P81        |  dedicated  
ARC-1001 :   tdi/tms/tck/tdo  |  P94/P90/P91/P95  |  dedicated  
ARC-1001 : -----------------------------------------------------
ARC-1004 : Device setting, marked 5 dedicate IOs in total.
RUN-1002 : start command "import_db LCD_8080ToRGB_pr.db"
RUN-1001 : Importing design generated by Tang Dynasty, V4.4.433.
RUN-1001 : Database version number 46108.
