============================================================
   Tang Dynasty, V4.4.433
   Copyright:   Shanghai Anlogic Infotech Co., Ltd.
                2011 - 2021
   Executable = C:/Anlogic/TD4.4.433/bin/td.exe
   Built at =   17:57:18 Feb 26 2019
   Run by =     Administrator
   Run Date =   Mon May 13 20:29:56 2019

   Run on =     HADES-PC
============================================================
RUN-1002 : start command "open_project LCD_8080ToRGB.al"
HDL-1007 : analyze verilog file source/CLK_MOD.v
HDL-1007 : analyze verilog file source/LCD8080Ctrl.v
HDL-1007 : analyze verilog file source/LCDCTRL.v
HDL-1007 : analyze verilog file source/TOP.v
HDL-1007 : analyze verilog file source/VGAMod.v
HDL-1007 : analyze verilog file al_ip/DisFIFO.v
HDL-1007 : analyze verilog file al_ip/LCDPLL.v
HDL-1007 : analyze verilog file al_ip/ROM.v
RUN-1002 : start command "import_device eagle_s20.db -package BG256"
ARC-1001 : Device Initialization.
ARC-1001 : ------------------------------------------------------------------
ARC-1001 :            OPTION            |          IO          |   SETTING   
ARC-1001 : ------------------------------------------------------------------
ARC-1001 :   cso_b/cclk/mosi/miso/dout  |  T3/R11/T10/P10/S11  |    gpio    
ARC-1001 :             done             |         P13          |    gpio    
ARC-1001 :           program_b          |          T2          |  dedicated  
ARC-1001 :        tdi/tms/tck/tdo       |   C12/A15/C14/E14    |  dedicated  
ARC-1001 : ------------------------------------------------------------------
ARC-1004 : Device setting, marked 5 dedicate IOs in total.
