============================================================
   Tang Dynasty, V4.4.433
   Copyright:   Shanghai Anlogic Infotech Co., Ltd.
                2011 - 2021
   Executable = C:/Anlogic/TD4.4.433/bin/td.exe
   Built at =   17:57:18 Feb 26 2019
   Run by =     Administrator
   Run Date =   Mon May 13 16:37:46 2019

   Run on =     JSB-C
============================================================
RUN-1002 : start command "import_device ef2_1.db -package EF2L15LG100B -basic"
ARC-1001 : Device Initialization.
ARC-1001 : -----------------------------------------------------
ARC-1001 :       OPTION       |        IO         |   SETTING   
ARC-1001 : -----------------------------------------------------
ARC-1001 :        done        |        P76        |    gpio    
ARC-1001 :        initn       |        P77        |    gpio    
ARC-1001 :      programn      |        P81        |  dedicated  
ARC-1001 :   tdi/tms/tck/tdo  |  P94/P90/P91/P95  |  dedicated  
ARC-1001 : -----------------------------------------------------
ARC-1004 : Device setting, marked 5 dedicate IOs in total.
RUN-1002 : start command "read_verilog -file al_ip/LCDPLL.v"
HDL-1007 : analyze verilog file al_ip/LCDPLL.v
HDL-1007 : elaborate module LCDPLL in al_ip/LCDPLL.v(25)
HDL-1007 : elaborate module EF2_LOGIC_BUFG in C:/Anlogic/TD4.4.433/arch/ef2_macro.v(80)
HDL-1007 : elaborate module EF2_PHY_PLL(FIN="50.000",REFCLK_DIV=3,FBCLK_DIV=6,CLKC0_DIV=10,CLKC1_DIV=30,CLKC2_DIV=40,CLKC3_DIV=111,CLKC0_ENABLE="ENABLE",CLKC1_ENABLE="ENABLE",CLKC2_ENABLE="ENABLE",CLKC3_ENABLE="ENABLE",FEEDBK_PATH="CLKC0_EXT",STDBY_ENABLE="DISABLE",CLKC0_CPHASE=9,CLKC1_CPHASE=29,CLKC2_CPHASE=39,CLKC3_CPHASE=110,GMC_GAIN=6,ICP_CURRENT=3,KVCO=6,LPF_RESISTOR=2,SYNC_ENABLE="DISABLE",INTPI=3,HIGH_SPEED_EN="ENABLE",OFFSET_MODE="EXT",CLKC0_DUTY=0.5,CLKC1_DUTY=0.5,CLKC0_DUTY_INT=5,CLKC1_DUTY_INT=15) in C:/Anlogic/TD4.4.433/arch/ef2_macro.v(2686)
HDL-1200 : Current top model is LCDPLL
HDL-1100 : Inferred 0 RAMs.
RUN-1002 : start command "optimize_rtl"
RUN-1001 : Open license file C:/Anlogic/TD4.4.433/license/Anlogic.lic
SYN-1012 : SanityCheck: Model "LCDPLL"
SYN-1011 : Flatten model LCDPLL
SYN-1014 : Optimize round 1
SYN-1032 : 8/0 useful/useless nets, 3/0 useful/useless insts
SYN-1019 : Optimized 0 mux instances.
SYN-1015 : Optimize round 1, 0 better
RUN-1002 : start command "map_macro -nopad"
SYN-2501 : Processed 0 LOGIC_BUF instances.
SYN-2501 : 1 BUFG to GCLK
SYN-2571 : Optimize after map_dsp, round 1
SYN-1032 : 8/1 useful/useless nets, 4/1 useful/useless insts
SYN-2571 : Optimize after map_dsp, round 1, 0 better
SYN-2501 : Optimize round 1
SYN-1032 : 8/1 useful/useless nets, 4/1 useful/useless insts
SYN-2501 : Optimize round 1, 0 better
SYN-1032 : 8/1 useful/useless nets, 4/1 useful/useless insts
RUN-1002 : start command "write_verilog al_ip/LCDPLL_sim.v"
HDL-1201 : write out verilog file al_ip/LCDPLL_sim.v
